c:\users\zakar\documents\github\axonupdated\v3rm\debug\vc142.pdb
c:\users\zakar\documents\github\axonupdated\v3rm\debug\vc142.idb
c:\users\zakar\documents\github\axonupdated\v3rm\debug\lparser.obj
c:\users\zakar\documents\github\axonupdated\v3rm\debug\loslib.obj
c:\users\zakar\documents\github\axonupdated\v3rm\debug\lopcodes.obj
c:\users\zakar\documents\github\axonupdated\v3rm\debug\lobject.obj
c:\users\zakar\documents\github\axonupdated\v3rm\debug\loadlib.obj
c:\users\zakar\documents\github\axonupdated\v3rm\debug\lmem.obj
c:\users\zakar\documents\github\axonupdated\v3rm\debug\lmathlib.obj
c:\users\zakar\documents\github\axonupdated\v3rm\debug\llex.obj
c:\users\zakar\documents\github\axonupdated\v3rm\debug\liolib.obj
c:\users\zakar\documents\github\axonupdated\v3rm\debug\linit.obj
c:\users\zakar\documents\github\axonupdated\v3rm\debug\lgc.obj
c:\users\zakar\documents\github\axonupdated\v3rm\debug\lfunc.obj
c:\users\zakar\documents\github\axonupdated\v3rm\debug\ldump.obj
c:\users\zakar\documents\github\axonupdated\v3rm\debug\ldo.obj
c:\users\zakar\documents\github\axonupdated\v3rm\debug\ldebug.obj
c:\users\zakar\documents\github\axonupdated\v3rm\debug\ldblib.obj
c:\users\zakar\documents\github\axonupdated\v3rm\debug\lcode.obj
c:\users\zakar\documents\github\axonupdated\v3rm\debug\lbaselib.obj
c:\users\zakar\documents\github\axonupdated\v3rm\debug\lauxlib.obj
c:\users\zakar\documents\github\axonupdated\v3rm\debug\lapi.obj
c:\users\zakar\documents\github\axonupdated\v3rm\debug\lzio.obj
c:\users\zakar\documents\github\axonupdated\v3rm\debug\lvm.obj
c:\users\zakar\documents\github\axonupdated\v3rm\debug\lundump.obj
c:\users\zakar\documents\github\axonupdated\v3rm\debug\ltm.obj
c:\users\zakar\documents\github\axonupdated\v3rm\debug\ltablib.obj
c:\users\zakar\documents\github\axonupdated\v3rm\debug\ltable.obj
c:\users\zakar\documents\github\axonupdated\v3rm\debug\lstrlib.obj
c:\users\zakar\documents\github\axonupdated\v3rm\debug\lstring.obj
c:\users\zakar\documents\github\axonupdated\v3rm\debug\lstate.obj
c:\users\zakar\documents\github\axonupdated\v3rm\debug\memory.obj
c:\users\zakar\documents\github\axonupdated\v3rm\debug\main.obj
c:\users\zakar\documents\github\axonupdated\debug\axon.dll
c:\users\zakar\documents\github\axonupdated\debug\axon.ilk
c:\users\zakar\documents\github\axonupdated\debug\axon.pdb
c:\users\zakar\documents\github\axonupdated\v3rm\debug\v3rm.vcxprojassemblyreference.cache
c:\users\zakar\documents\github\axonupdated\v3rm\debug\rvx-4.tlog\cl.command.1.tlog
c:\users\zakar\documents\github\axonupdated\v3rm\debug\rvx-4.tlog\cl.read.1.tlog
c:\users\zakar\documents\github\axonupdated\v3rm\debug\rvx-4.tlog\cl.write.1.tlog
c:\users\zakar\documents\github\axonupdated\v3rm\debug\rvx-4.tlog\link.command.1.tlog
c:\users\zakar\documents\github\axonupdated\v3rm\debug\rvx-4.tlog\link.read.1.tlog
c:\users\zakar\documents\github\axonupdated\v3rm\debug\rvx-4.tlog\link.write.1.tlog
