c:\users\zakar\documents\github\axonupdated\v3rm\release\vc142.pdb
c:\users\zakar\documents\github\axonupdated\v3rm\release\lparser.obj
c:\users\zakar\documents\github\axonupdated\v3rm\release\loslib.obj
c:\users\zakar\documents\github\axonupdated\v3rm\release\lopcodes.obj
c:\users\zakar\documents\github\axonupdated\v3rm\release\lobject.obj
c:\users\zakar\documents\github\axonupdated\v3rm\release\loadlib.obj
c:\users\zakar\documents\github\axonupdated\v3rm\release\lmem.obj
c:\users\zakar\documents\github\axonupdated\v3rm\release\lmathlib.obj
c:\users\zakar\documents\github\axonupdated\v3rm\release\llex.obj
c:\users\zakar\documents\github\axonupdated\v3rm\release\liolib.obj
c:\users\zakar\documents\github\axonupdated\v3rm\release\linit.obj
c:\users\zakar\documents\github\axonupdated\v3rm\release\lgc.obj
c:\users\zakar\documents\github\axonupdated\v3rm\release\lfunc.obj
c:\users\zakar\documents\github\axonupdated\v3rm\release\ldump.obj
c:\users\zakar\documents\github\axonupdated\v3rm\release\ldo.obj
c:\users\zakar\documents\github\axonupdated\v3rm\release\ldebug.obj
c:\users\zakar\documents\github\axonupdated\v3rm\release\ldblib.obj
c:\users\zakar\documents\github\axonupdated\v3rm\release\lcode.obj
c:\users\zakar\documents\github\axonupdated\v3rm\release\lbaselib.obj
c:\users\zakar\documents\github\axonupdated\v3rm\release\lauxlib.obj
c:\users\zakar\documents\github\axonupdated\v3rm\release\lapi.obj
c:\users\zakar\documents\github\axonupdated\v3rm\release\lzio.obj
c:\users\zakar\documents\github\axonupdated\v3rm\release\lvm.obj
c:\users\zakar\documents\github\axonupdated\v3rm\release\lundump.obj
c:\users\zakar\documents\github\axonupdated\v3rm\release\ltm.obj
c:\users\zakar\documents\github\axonupdated\v3rm\release\ltablib.obj
c:\users\zakar\documents\github\axonupdated\v3rm\release\ltable.obj
c:\users\zakar\documents\github\axonupdated\v3rm\release\lstrlib.obj
c:\users\zakar\documents\github\axonupdated\v3rm\release\lstring.obj
c:\users\zakar\documents\github\axonupdated\v3rm\release\lstate.obj
c:\users\zakar\documents\github\axonupdated\v3rm\release\memory.obj
c:\users\zakar\documents\github\axonupdated\v3rm\release\main.obj
c:\users\zakar\documents\github\axonupdated\release\axon.dll
c:\users\zakar\documents\github\axonupdated\release\axon.pdb
c:\users\zakar\documents\github\axonupdated\release\axon.ipdb
c:\users\zakar\documents\github\axonupdated\release\axon.iobj
c:\users\zakar\documents\github\axonupdated\v3rm\release\rvx-4.tlog\cl.command.1.tlog
c:\users\zakar\documents\github\axonupdated\v3rm\release\rvx-4.tlog\cl.read.1.tlog
c:\users\zakar\documents\github\axonupdated\v3rm\release\rvx-4.tlog\cl.write.1.tlog
c:\users\zakar\documents\github\axonupdated\v3rm\release\rvx-4.tlog\link.command.1.tlog
c:\users\zakar\documents\github\axonupdated\v3rm\release\rvx-4.tlog\link.delete.1.tlog
c:\users\zakar\documents\github\axonupdated\v3rm\release\rvx-4.tlog\link.read.1.tlog
c:\users\zakar\documents\github\axonupdated\v3rm\release\rvx-4.tlog\link.write.1.tlog
c:\users\zakar\documents\github\axonupdated\v3rm\release\rvx-4.tlog\rvx-4.write.1u.tlog
