  Main.cpp
C:\Users\zakar\Documents\GitHub\AxonUpdated\V3rm\Bridge.h(159,32): warning C4838:  conversion from 'int' to 'const char' requires a narrowing conversion
C:\Users\zakar\Documents\GitHub\AxonUpdated\V3rm\Bridge.h(159,32): warning C4309:  'initializing': truncation of constant value
C:\Users\zakar\Documents\GitHub\AxonUpdated\V3rm\Bridge.h(159,38): warning C4838:  conversion from 'int' to 'const char' requires a narrowing conversion
C:\Users\zakar\Documents\GitHub\AxonUpdated\V3rm\Bridge.h(159,38): warning C4309:  'initializing': truncation of constant value
C:\Users\zakar\Documents\GitHub\AxonUpdated\V3rm\Bridge.h(159,44): warning C4838:  conversion from 'int' to 'const char' requires a narrowing conversion
C:\Users\zakar\Documents\GitHub\AxonUpdated\V3rm\Bridge.h(159,44): warning C4309:  'initializing': truncation of constant value
C:\Users\zakar\Documents\GitHub\AxonUpdated\V3rm\Bridge.h(159,50): warning C4838:  conversion from 'int' to 'const char' requires a narrowing conversion
C:\Users\zakar\Documents\GitHub\AxonUpdated\V3rm\Bridge.h(159,50): warning C4309:  'initializing': truncation of constant value
C:\Users\zakar\Documents\GitHub\AxonUpdated\V3rm\Bridge.h(159,56): warning C4838:  conversion from 'int' to 'const char' requires a narrowing conversion
C:\Users\zakar\Documents\GitHub\AxonUpdated\V3rm\Bridge.h(159,56): warning C4309:  'initializing': truncation of constant value
C:\Users\zakar\Documents\GitHub\AxonUpdated\V3rm\Bridge.h(159,62): warning C4838:  conversion from 'int' to 'const char' requires a narrowing conversion
C:\Users\zakar\Documents\GitHub\AxonUpdated\V3rm\Bridge.h(159,62): warning C4309:  'initializing': truncation of constant value
C:\Users\zakar\Documents\GitHub\AxonUpdated\V3rm\Bridge.h(159,68): warning C4838:  conversion from 'int' to 'const char' requires a narrowing conversion
C:\Users\zakar\Documents\GitHub\AxonUpdated\V3rm\Bridge.h(159,68): warning C4309:  'initializing': truncation of constant value
C:\Users\zakar\Documents\GitHub\AxonUpdated\V3rm\Bridge.h(159,74): warning C4838:  conversion from 'int' to 'const char' requires a narrowing conversion
C:\Users\zakar\Documents\GitHub\AxonUpdated\V3rm\Bridge.h(159,74): warning C4309:  'initializing': truncation of constant value
C:\Users\zakar\Documents\GitHub\AxonUpdated\V3rm\Bridge.h(327,11): warning C4244:  'initializing': conversion from 'lua_Number' to 'int', possible loss of data
C:\Users\zakar\Documents\GitHub\AxonUpdated\V3rm\Bridge.h(336,31): warning C4002:  too many arguments for function-like macro invocation 'r_lua_tostring'
C:\Users\zakar\Documents\GitHub\AxonUpdated\V3rm\Bridge.h(376,11): warning C4244:  'initializing': conversion from 'double' to 'int', possible loss of data
C:\Users\zakar\Documents\GitHub\AxonUpdated\V3rm\Main.cpp(158,1): warning C4996:  'freopen': This function or variable may be unsafe. Consider using freopen_s instead. To disable deprecation, use _CRT_SECURE_NO_WARNINGS. See online help for details.
C:\Program Files (x86)\Windows Kits\10\Include\10.0.18362.0\ucrt\stdio.h(243): message :  see declaration of 'freopen'
C:\Users\zakar\Documents\GitHub\AxonUpdated\V3rm\Main.cpp(159,1): warning C4996:  'freopen': This function or variable may be unsafe. Consider using freopen_s instead. To disable deprecation, use _CRT_SECURE_NO_WARNINGS. See online help for details.
C:\Program Files (x86)\Windows Kits\10\Include\10.0.18362.0\ucrt\stdio.h(243): message :  see declaration of 'freopen'
C:\Users\zakar\Documents\GitHub\AxonUpdated\V3rm\Main.cpp(230,20): warning C4018:  '<': signed/unsigned mismatch
  Generating code
  7 of 1063 functions ( 0.7%) were compiled, the rest were copied from previous compilation.
    1 functions were new in current compilation
    24 functions had inline decision re-evaluated but remain unchanged
  Finished generating code
  V3rm.vcxproj -> C:\Users\zakar\Documents\GitHub\AxonUpdated\Release\Axon.dll
